<?xml version="1.0" encoding="UTF-8"?>
<!-- Generated by org.testng.reporters.JUnitReportReporter -->
<testsuite hostname="DESKTOP-SOML365" failures="0" tests="1" name="agc_SmokeTc.ACS_Physical_State_Sorting_TC11" time="31.123" errors="0" timestamp="2025-06-19T17:05:21 IST" skipped="0">
  <testcase classname="agc_SmokeTc.ACS_Physical_State_Sorting_TC11" name="ACS_Physical_State_Sorting" time="31.123"/>
  <system-out/>
</testsuite> <!-- agc_SmokeTc.ACS_Physical_State_Sorting_TC11 -->
