<?xml version="1.0" encoding="UTF-8"?>
<!-- Generated by org.testng.reporters.JUnitReportReporter -->
<testsuite hostname="DESKTOP-SOML365" failures="0" tests="1" name="com.agc.sel.regressionTc.Verify_that_user_can_able_to_download_Padd_hp_report" time="240.704" errors="0" timestamp="2025-05-28T16:08:02 IST" skipped="0">
  <testcase classname="com.agc.sel.regressionTc.Verify_that_user_can_able_to_download_Padd_hp_report" name="Padd_Hp_report_download" time="240.704"/>
  <system-out/>
</testsuite> <!-- com.agc.sel.regressionTc.Verify_that_user_can_able_to_download_Padd_hp_report -->
