<?xml version="1.0" encoding="UTF-8"?>
<!-- Generated by org.testng.reporters.JUnitReportReporter -->
<testsuite hostname="DESKTOP-SOML365" failures="0" tests="1" name="agc_SmokeTc.Change_of_flag_symbols_TC17" time="71.470" errors="0" timestamp="2025-06-19T17:05:21 IST" skipped="0">
  <testcase classname="agc_SmokeTc.Change_of_flag_symbols_TC17" name="flagChange" time="71.470"/>
  <system-out/>
</testsuite> <!-- agc_SmokeTc.Change_of_flag_symbols_TC17 -->
