<?xml version="1.0" encoding="UTF-8"?>
<!-- Generated by org.testng.reporters.JUnitReportReporter -->
<testsuite hostname="DESKTOP-SOML365" failures="0" tests="1" name="agc_SmokeTc.ACS_Enter_Chemicals_Using_Search_Text_Field_TC07" time="30.166" errors="0" timestamp="2025-06-19T17:05:21 IST" skipped="0">
  <testcase classname="agc_SmokeTc.ACS_Enter_Chemicals_Using_Search_Text_Field_TC07" name="ACS_Add_Chemicals_Using_Search_Text_Field" time="30.166"/>
  <system-out/>
</testsuite> <!-- agc_SmokeTc.ACS_Enter_Chemicals_Using_Search_Text_Field_TC07 -->
