<?xml version="1.0" encoding="UTF-8"?>
<!-- Generated by org.testng.reporters.JUnitReportReporter -->
<testsuite hostname="DESKTOP-SOML365" failures="0" tests="1" name="com.agc.sel.smokeTc.ACS_chemical_tab_Disable_TC15" time="121.433" errors="0" timestamp="2025-06-08T13:22:05 IST" skipped="0">
  <testcase classname="com.agc.sel.smokeTc.ACS_chemical_tab_Disable_TC15" name="ACS_Chemicals_Sorting" time="121.433"/>
  <system-out/>
</testsuite> <!-- com.agc.sel.smokeTc.ACS_chemical_tab_Disable_TC15 -->
