<?xml version="1.0" encoding="UTF-8"?>
<!-- Generated by org.testng.reporters.JUnitReportReporter -->
<testsuite hostname="DESKTOP-SOML365" failures="0" tests="1" name="agc_SmokeTc.ACS_Remove_Multiple_chemicls_TC12" time="53.602" errors="0" timestamp="2025-06-12T13:40:46 IST" skipped="0">
  <testcase classname="agc_SmokeTc.ACS_Remove_Multiple_chemicls_TC12" name="ACS_Chemicals_Sorting" time="53.602"/>
  <system-out/>
</testsuite> <!-- agc_SmokeTc.ACS_Remove_Multiple_chemicls_TC12 -->
