<?xml version="1.0" encoding="UTF-8"?>
<!-- Generated by org.testng.reporters.JUnitReportReporter -->
<testsuite hostname="DESKTOP-SOML365" failures="0" tests="1" name="agc_SmokeTc.ACS_chemical_tab_Disable_TC15" time="46.202" errors="0" timestamp="2025-06-19T17:05:21 IST" skipped="0">
  <testcase classname="agc_SmokeTc.ACS_chemical_tab_Disable_TC15" name="ACS_Chemicals_Sorting" time="46.202"/>
  <system-out/>
</testsuite> <!-- agc_SmokeTc.ACS_chemical_tab_Disable_TC15 -->
