<?xml version="1.0" encoding="UTF-8"?>
<!-- Generated by org.testng.reporters.JUnitReportReporter -->
<testsuite hostname="DESKTOP-SOML365" failures="0" tests="1" name="com.agc.sel.regressionTc.ACS_HandProtection_Report_Download" time="69.485" errors="0" timestamp="2025-05-27T17:06:37 IST" skipped="0">
  <testcase classname="com.agc.sel.regressionTc.ACS_HandProtection_Report_Download" name="ACSHandProtection_Report_Download" time="69.485"/>
  <system-out/>
</testsuite> <!-- com.agc.sel.regressionTc.ACS_HandProtection_Report_Download -->
