<?xml version="1.0" encoding="UTF-8"?>
<!-- Generated by org.testng.reporters.JUnitReportReporter -->
<testsuite hostname="DESKTOP-SOML365" failures="0" tests="1" name="com.agc.sel.smokeTc.ACS_selecting_more_than_5_hazards_and_shows_warning_message_TC16" time="128.588" errors="0" timestamp="2025-06-08T13:22:05 IST" skipped="0">
  <testcase classname="com.agc.sel.smokeTc.ACS_selecting_more_than_5_hazards_and_shows_warning_message_TC16" name="ACS_Chemicals_Sorting" time="128.588"/>
  <system-out/>
</testsuite> <!-- com.agc.sel.smokeTc.ACS_selecting_more_than_5_hazards_and_shows_warning_message_TC16 -->
