<?xml version="1.0" encoding="UTF-8"?>
<!-- Generated by org.testng.reporters.JUnitReportReporter -->
<testsuite hostname="DESKTOP-SOML365" failures="0" tests="1" name="agc_SmokeTc.Contact_Us_TC18" time="37.902" errors="0" timestamp="2025-06-12T13:42:33 IST" skipped="0">
  <testcase classname="agc_SmokeTc.Contact_Us_TC18" name="Contact_US" time="37.902"/>
  <system-out/>
</testsuite> <!-- agc_SmokeTc.Contact_Us_TC18 -->
