<?xml version="1.0" encoding="UTF-8"?>
<!-- Generated by org.testng.reporters.JUnitReportReporter -->
<testsuite hostname="DESKTOP-SOML365" failures="0" tests="6" name="Login_MonkeyTesting.Login_Regression_TestSuite" time="149.621" errors="0" timestamp="2025-06-16T14:57:14 IST" skipped="0">
  <testcase classname="Login_MonkeyTesting.Login_Regression_TestSuite" name="loginAncellGurdian_valid_credentials" time="31.043"/>
  <system-out/>
  <testcase classname="Login_MonkeyTesting.Login_Regression_TestSuite" name="LoginAncellGurdian_Invalid_password_credential" time="24.294"/>
  <system-out/>
  <testcase classname="Login_MonkeyTesting.Login_Regression_TestSuite" name="LoginAncellGurdian_invalid_emailId" time="25.552"/>
  <system-out/>
  <testcase classname="Login_MonkeyTesting.Login_Regression_TestSuite" name="login_ancell_gurdian_Ivalid_New_emailId" time="19.643"/>
  <system-out/>
  <testcase classname="Login_MonkeyTesting.Login_Regression_TestSuite" name="login_ancell_gurdian_empty_mail" time="23.426"/>
  <system-out/>
  <testcase classname="Login_MonkeyTesting.Login_Regression_TestSuite" name="login_AnsellGurdian_EmaptyPassword" time="25.663"/>
  <system-out/>
</testsuite> <!-- Login_MonkeyTesting.Login_Regression_TestSuite -->
