<?xml version="1.0" encoding="UTF-8"?>
<!-- Generated by org.testng.reporters.JUnitReportReporter -->
<testsuite hostname="DESKTOP-SOML365" failures="0" tests="1" name="ACS_EndToEnd.ACS_HandProtection_Report_Download" time="90.733" errors="0" timestamp="2025-06-16T15:42:07 IST" skipped="0">
  <testcase classname="ACS_EndToEnd.ACS_HandProtection_Report_Download" name="ACSHandProtection_Report_Download" time="90.733"/>
  <system-out/>
</testsuite> <!-- ACS_EndToEnd.ACS_HandProtection_Report_Download -->
