<?xml version="1.0" encoding="UTF-8"?>
<!-- Generated by org.testng.reporters.JUnitReportReporter -->
<testsuite hostname="DESKTOP-SOML365" failures="0" tests="1" name="agc_SmokeTc.ACS_Concentration_Sorting_TC10" time="39.276" errors="0" timestamp="2025-06-19T17:05:21 IST" skipped="0">
  <testcase classname="agc_SmokeTc.ACS_Concentration_Sorting_TC10" name="ACS_Concentration_Sorting" time="39.276"/>
  <system-out/>
</testsuite> <!-- agc_SmokeTc.ACS_Concentration_Sorting_TC10 -->
