<?xml version="1.0" encoding="UTF-8"?>
<!-- Generated by org.testng.reporters.JUnitReportReporter -->
<testsuite hostname="DESKTOP-SOML365" failures="0" tests="1" name="com.agc.sel.regressionTc.ACS_Combined_Report_Download" time="85.215" errors="0" timestamp="2025-05-27T16:57:58 IST" skipped="0">
  <testcase classname="com.agc.sel.regressionTc.ACS_Combined_Report_Download" name="ACSCombined_Report_Download" time="85.215"/>
  <system-out/>
</testsuite> <!-- com.agc.sel.regressionTc.ACS_Combined_Report_Download -->
