<?xml version="1.0" encoding="UTF-8"?>
<!-- Generated by org.testng.reporters.JUnitReportReporter -->
<testsuite hostname="DESKTOP-SOML365" failures="0" tests="1" name="agc_SmokeTc.Create_New_Risk_Request_TC12" time="37.930" errors="0" timestamp="2025-06-16T14:38:34 IST" skipped="0">
  <testcase classname="agc_SmokeTc.Create_New_Risk_Request_TC12" name="navigateToPaddPage" time="37.930"/>
  <system-out/>
</testsuite> <!-- agc_SmokeTc.Create_New_Risk_Request_TC12 -->
