<?xml version="1.0" encoding="UTF-8"?>
<!-- Generated by org.testng.reporters.JUnitReportReporter -->
<testsuite hostname="DESKTOP-SOML365" failures="0" tests="1" name="com.agc.sel.smokeTc.LoginAncellGurdianTC03" time="61.911" errors="0" timestamp="2025-06-08T13:22:05 IST" skipped="0">
  <testcase classname="com.agc.sel.smokeTc.LoginAncellGurdianTC03" name="LoginAncellGurdian_invalid_emailId" time="61.911"/>
  <system-out/>
</testsuite> <!-- com.agc.sel.smokeTc.LoginAncellGurdianTC03 -->
