<?xml version="1.0" encoding="UTF-8"?>
<!-- Generated by org.testng.reporters.JUnitReportReporter -->
<testsuite hostname="DESKTOP-SOML365" failures="0" tests="1" name="com.agc.sel.smokeTc.LoginAncellGurdianTC01" time="82.542" errors="0" timestamp="2025-06-08T17:28:04 IST" skipped="0">
  <testcase classname="com.agc.sel.smokeTc.LoginAncellGurdianTC01" name="loginAncellGurdian_valid_credentials" time="82.542"/>
  <system-out/>
</testsuite> <!-- com.agc.sel.smokeTc.LoginAncellGurdianTC01 -->
