<?xml version="1.0" encoding="UTF-8"?>
<!-- Generated by org.testng.reporters.JUnitReportReporter -->
<testsuite hostname="DESKTOP-SOML365" failures="0" tests="1" name="agc_SmokeTc.Delete_the_specific_chemical_in_ACS_TC13" time="31.015" errors="0" timestamp="2025-06-19T17:05:21 IST" skipped="0">
  <testcase classname="agc_SmokeTc.Delete_the_specific_chemical_in_ACS_TC13" name="delete_the_specific_chemical_in_ACS" time="31.015"/>
  <system-out/>
</testsuite> <!-- agc_SmokeTc.Delete_the_specific_chemical_in_ACS_TC13 -->
