<?xml version="1.0" encoding="UTF-8"?>
<!-- Generated by org.testng.reporters.JUnitReportReporter -->
<testsuite hostname="DESKTOP-SOML365" failures="0" tests="1" name="agc_SmokeTc.ACS_OtherHazards_Disable_TC14" time="38.625" errors="0" timestamp="2025-06-19T17:24:49 IST" skipped="0">
  <testcase classname="agc_SmokeTc.ACS_OtherHazards_Disable_TC14" name="acs_OtherHazards_Disable" time="38.625"/>
  <system-out/>
</testsuite> <!-- agc_SmokeTc.ACS_OtherHazards_Disable_TC14 -->
