<?xml version="1.0" encoding="UTF-8"?>
<!-- Generated by org.testng.reporters.JUnitReportReporter -->
<testsuite hostname="DESKTOP-SOML365" failures="0" tests="1" name="PADD_EndToEnd.Verify_that_user_can_able_to_download_Padd_bp_report" time="124.878" errors="0" timestamp="2025-06-16T15:42:07 IST" skipped="0">
  <testcase classname="PADD_EndToEnd.Verify_that_user_can_able_to_download_Padd_bp_report" name="Padd_Bp_report_download" time="124.878"/>
  <system-out/>
</testsuite> <!-- PADD_EndToEnd.Verify_that_user_can_able_to_download_Padd_bp_report -->
