<?xml version="1.0" encoding="UTF-8"?>
<!-- Generated by org.testng.reporters.JUnitReportReporter -->
<testsuite hostname="DESKTOP-SOML365" failures="0" tests="1" name="agc_SmokeTc.ACS_Cas_Number_Sorting_TC08" time="34.318" errors="0" timestamp="2025-06-19T17:05:21 IST" skipped="0">
  <testcase classname="agc_SmokeTc.ACS_Cas_Number_Sorting_TC08" name="ACS_Cas_Number_Sorting" time="34.318"/>
  <system-out/>
</testsuite> <!-- agc_SmokeTc.ACS_Cas_Number_Sorting_TC08 -->
