<?xml version="1.0" encoding="UTF-8"?>
<!-- Generated by org.testng.reporters.JUnitReportReporter -->
<testsuite hostname="DESKTOP-SOML365" failures="0" tests="1" name="agc_SmokeTc.LoginAncellGurdianTC05" time="13.866" errors="0" timestamp="2025-06-19T17:05:21 IST" skipped="0">
  <testcase classname="agc_SmokeTc.LoginAncellGurdianTC05" name="loginAncellGurdian_Empty_Mail" time="13.866"/>
  <system-out/>
</testsuite> <!-- agc_SmokeTc.LoginAncellGurdianTC05 -->
