<?xml version="1.0" encoding="UTF-8"?>
<!-- Generated by org.testng.reporters.JUnitReportReporter -->
<testsuite hostname="DESKTOP-SOML365" failures="0" tests="1" name="ACS_EndToEnd.ACS_Combined_Report_Download" time="93.575" errors="0" timestamp="2025-06-16T15:42:07 IST" skipped="0">
  <testcase classname="ACS_EndToEnd.ACS_Combined_Report_Download" name="ACSCombined_Report_Download" time="93.575"/>
  <system-out/>
</testsuite> <!-- ACS_EndToEnd.ACS_Combined_Report_Download -->
