<?xml version="1.0" encoding="UTF-8"?>
<!-- Generated by org.testng.reporters.JUnitReportReporter -->
<testsuite hostname="DESKTOP-SOML365" failures="0" tests="1" name="com.agc.sel.smokeTc.ACS_OtherHazards_Disable_TC14$ACS_OtherHazards_Disable" time="43.753" errors="0" timestamp="2025-05-20T17:41:57 IST" skipped="0">
  <testcase classname="com.agc.sel.smokeTc.ACS_OtherHazards_Disable_TC14$ACS_OtherHazards_Disable" name="ACS_Chemicals_Sorting" time="43.753"/>
  <system-out/>
</testsuite> <!-- com.agc.sel.smokeTc.ACS_OtherHazards_Disable_TC14$ACS_OtherHazards_Disable -->
