<?xml version="1.0" encoding="UTF-8"?>
<!-- Generated by org.testng.reporters.JUnitReportReporter -->
<testsuite hostname="DESKTOP-SOML365" failures="0" tests="1" name="com.agc.sel.smokeTc.ACS_Add_Chemicals_Using_Search_Text_Field_TC07" time="43.786" errors="0" timestamp="2025-05-21T12:45:58 IST" skipped="0">
  <testcase classname="com.agc.sel.smokeTc.ACS_Add_Chemicals_Using_Search_Text_Field_TC07" name="ACS_Add_Chemicals_Using_Search_Text_Field" time="43.786"/>
  <system-out/>
</testsuite> <!-- com.agc.sel.smokeTc.ACS_Add_Chemicals_Using_Search_Text_Field_TC07 -->
