<?xml version="1.0" encoding="UTF-8"?>
<!-- Generated by org.testng.reporters.JUnitReportReporter -->
<testsuite hostname="DESKTOP-7L015DA" failures="0" tests="1" name="agc_SmokeTc.PADD_Check_for_standards_EN374_HP" time="30.775" errors="0" timestamp="2025-08-19T16:10:38 IST" skipped="0">
  <testcase classname="agc_SmokeTc.PADD_Check_for_standards_EN374_HP" name="checkStandardsHP" time="30.775"/>
</testsuite> <!-- agc_SmokeTc.PADD_Check_for_standards_EN374_HP -->
