<?xml version="1.0" encoding="UTF-8"?>
<!-- Generated by org.testng.reporters.JUnitReportReporter -->
<testsuite hostname="DESKTOP-7L015DA" failures="0" tests="1" name="agc_SmokeTc.PADD_Crud_operations_on_comments" time="36.541" errors="0" timestamp="2025-08-21T11:57:16 IST" skipped="0">
  <testcase classname="agc_SmokeTc.PADD_Crud_operations_on_comments" name="CrudOperationsOnComments" time="36.541"/>
</testsuite> <!-- agc_SmokeTc.PADD_Crud_operations_on_comments -->
